CRITICAL - 2024-08-08 03:36:34 --> CodeIgniter\Router\Exceptions\RouterException: The route for "notes/edit" cannot be found.
[Method: GET, Route: notes/]
in SYSTEMPATH\Helpers\url_helper.php on line 494.
 1 SYSTEMPATH\Helpers\url_helper.php(494): CodeIgniter\Router\Exceptions\RouterException::forInvalidRoute('notes/edit')
 2 APPPATH\Views\notes\index.php(16): url_to('notes/edit')
 3 SYSTEMPATH\View\View.php(234): include('C:\\xampp\\htdocs\\codeigniter4-framework\\blockNote\\app\\Views\\notes\\index.php')
 4 SYSTEMPATH\View\View.php(237): CodeIgniter\View\View->CodeIgniter\View\{closure}()
 5 SYSTEMPATH\Common.php(1169): CodeIgniter\View\View->render('notes/index', [], true)
 6 APPPATH\Controllers\NotesController.php(12): view('notes/index')
 7 SYSTEMPATH\CodeIgniter.php(933): App\Controllers\NotesController->index()
 8 SYSTEMPATH\CodeIgniter.php(509): CodeIgniter\CodeIgniter->runController(Object(App\Controllers\NotesController))
 9 SYSTEMPATH\CodeIgniter.php(355): CodeIgniter\CodeIgniter->handleRequest(null, Object(Config\Cache), false)
10 SYSTEMPATH\Boot.php(325): CodeIgniter\CodeIgniter->run()
11 SYSTEMPATH\Boot.php(67): CodeIgniter\Boot::runCodeIgniter(Object(CodeIgniter\CodeIgniter))
12 FCPATH\index.php(56): CodeIgniter\Boot::bootWeb(Object(Config\Paths))
13 SYSTEMPATH\rewrite.php(44): require_once('C:\\xampp\\htdocs\\codeigniter4-framework\\blockNote\\public\\index.php')
CRITICAL - 2024-08-08 03:36:48 --> CodeIgniter\Router\Exceptions\RouterException: The route for "notes/edit" cannot be found.
[Method: GET, Route: notes]
in SYSTEMPATH\Helpers\url_helper.php on line 494.
 1 SYSTEMPATH\Helpers\url_helper.php(494): CodeIgniter\Router\Exceptions\RouterException::forInvalidRoute('notes/edit')
 2 APPPATH\Views\notes\index.php(16): url_to('notes/edit')
 3 SYSTEMPATH\View\View.php(234): include('C:\\xampp\\htdocs\\codeigniter4-framework\\blockNote\\app\\Views\\notes\\index.php')
 4 SYSTEMPATH\View\View.php(237): CodeIgniter\View\View->CodeIgniter\View\{closure}()
 5 SYSTEMPATH\Common.php(1169): CodeIgniter\View\View->render('notes/index', [], true)
 6 APPPATH\Controllers\NotesController.php(12): view('notes/index')
 7 SYSTEMPATH\CodeIgniter.php(933): App\Controllers\NotesController->index()
 8 SYSTEMPATH\CodeIgniter.php(509): CodeIgniter\CodeIgniter->runController(Object(App\Controllers\NotesController))
 9 SYSTEMPATH\CodeIgniter.php(355): CodeIgniter\CodeIgniter->handleRequest(null, Object(Config\Cache), false)
10 SYSTEMPATH\Boot.php(325): CodeIgniter\CodeIgniter->run()
11 SYSTEMPATH\Boot.php(67): CodeIgniter\Boot::runCodeIgniter(Object(CodeIgniter\CodeIgniter))
12 FCPATH\index.php(56): CodeIgniter\Boot::bootWeb(Object(Config\Paths))
13 SYSTEMPATH\rewrite.php(44): require_once('C:\\xampp\\htdocs\\codeigniter4-framework\\blockNote\\public\\index.php')
CRITICAL - 2024-08-08 03:37:50 --> CodeIgniter\Router\Exceptions\RouterException: The route for "notes/edit" cannot be found.
[Method: GET, Route: notes]
in SYSTEMPATH\Helpers\url_helper.php on line 494.
 1 SYSTEMPATH\Helpers\url_helper.php(494): CodeIgniter\Router\Exceptions\RouterException::forInvalidRoute('notes/edit')
 2 APPPATH\Views\notes\index.php(16): url_to('notes/edit')
 3 SYSTEMPATH\View\View.php(234): include('C:\\xampp\\htdocs\\codeigniter4-framework\\blockNote\\app\\Views\\notes\\index.php')
 4 SYSTEMPATH\View\View.php(237): CodeIgniter\View\View->CodeIgniter\View\{closure}()
 5 SYSTEMPATH\Common.php(1169): CodeIgniter\View\View->render('notes/index', [], true)
 6 APPPATH\Controllers\NotesController.php(12): view('notes/index')
 7 SYSTEMPATH\CodeIgniter.php(933): App\Controllers\NotesController->index()
 8 SYSTEMPATH\CodeIgniter.php(509): CodeIgniter\CodeIgniter->runController(Object(App\Controllers\NotesController))
 9 SYSTEMPATH\CodeIgniter.php(355): CodeIgniter\CodeIgniter->handleRequest(null, Object(Config\Cache), false)
10 SYSTEMPATH\Boot.php(325): CodeIgniter\CodeIgniter->run()
11 SYSTEMPATH\Boot.php(67): CodeIgniter\Boot::runCodeIgniter(Object(CodeIgniter\CodeIgniter))
12 FCPATH\index.php(56): CodeIgniter\Boot::bootWeb(Object(Config\Paths))
13 SYSTEMPATH\rewrite.php(44): require_once('C:\\xampp\\htdocs\\codeigniter4-framework\\blockNote\\public\\index.php')
CRITICAL - 2024-08-08 03:44:10 --> CodeIgniter\View\Exceptions\ViewException: Invalid file: "notes.edit"
[Method: GET, Route: notes/edit]
in SYSTEMPATH\Exceptions\FrameworkException.php on line 41.
 1 SYSTEMPATH\View\View.php(222): CodeIgniter\Exceptions\FrameworkException::forInvalidFile('notes.edit')
 2 SYSTEMPATH\Common.php(1169): CodeIgniter\View\View->render('notes.edit', [], true)
 3 APPPATH\Controllers\NotesController.php(24): view('notes.edit')
 4 SYSTEMPATH\CodeIgniter.php(933): App\Controllers\NotesController->edit()
 5 SYSTEMPATH\CodeIgniter.php(509): CodeIgniter\CodeIgniter->runController(Object(App\Controllers\NotesController))
 6 SYSTEMPATH\CodeIgniter.php(355): CodeIgniter\CodeIgniter->handleRequest(null, Object(Config\Cache), false)
 7 SYSTEMPATH\Boot.php(325): CodeIgniter\CodeIgniter->run()
 8 SYSTEMPATH\Boot.php(67): CodeIgniter\Boot::runCodeIgniter(Object(CodeIgniter\CodeIgniter))
 9 FCPATH\index.php(56): CodeIgniter\Boot::bootWeb(Object(Config\Paths))
10 SYSTEMPATH\rewrite.php(44): require_once('C:\\xampp\\htdocs\\codeigniter4-framework\\blockNote\\public\\index.php')
CRITICAL - 2024-08-08 04:02:08 --> Error: Call to undefined method CodeIgniter\Router\RouteCollection::update()
[Method: GET, Route: notes/edit/4]
in APPPATH\Config\Routes.php on line 15.
 1 SYSTEMPATH\Router\RouteCollection.php(800): CodeIgniter\Router\RouteCollection::{closure}(Object(CodeIgniter\Router\RouteCollection))
 2 APPPATH\Config\Routes.php(10): CodeIgniter\Router\RouteCollection->group('notes', Object(Closure))
 3 SYSTEMPATH\Router\RouteCollection.php(340): require('C:\\xampp\\htdocs\\codeigniter4-framework\\blockNote\\app\\Config\\Routes.php')
 4 SYSTEMPATH\CodeIgniter.php(823): CodeIgniter\Router\RouteCollection->loadRoutes()
 5 SYSTEMPATH\CodeIgniter.php(457): CodeIgniter\CodeIgniter->tryToRouteIt(null)
 6 SYSTEMPATH\CodeIgniter.php(355): CodeIgniter\CodeIgniter->handleRequest(null, Object(Config\Cache), false)
 7 SYSTEMPATH\Boot.php(325): CodeIgniter\CodeIgniter->run()
 8 SYSTEMPATH\Boot.php(67): CodeIgniter\Boot::runCodeIgniter(Object(CodeIgniter\CodeIgniter))
 9 FCPATH\index.php(56): CodeIgniter\Boot::bootWeb(Object(Config\Paths))
10 SYSTEMPATH\rewrite.php(44): require_once('C:\\xampp\\htdocs\\codeigniter4-framework\\blockNote\\public\\index.php')
CRITICAL - 2024-08-08 04:04:37 --> ErrorException: Undefined variable $id
[Method: GET, Route: notes/edit/4]
in APPPATH\Views\notes\edit.php on line 9.
 1 APPPATH\Views\notes\edit.php(9): CodeIgniter\Debug\Exceptions->errorHandler(2, 'Undefined variable $id', 'C:\\xampp\\htdocs\\codeigniter4-framework\\blockNote\\app\\Views\\notes\\edit.php', 9)
 2 SYSTEMPATH\View\View.php(234): include('C:\\xampp\\htdocs\\codeigniter4-framework\\blockNote\\app\\Views\\notes\\edit.php')
 3 SYSTEMPATH\View\View.php(237): CodeIgniter\View\View->CodeIgniter\View\{closure}()
 4 SYSTEMPATH\Common.php(1169): CodeIgniter\View\View->render('notes/edit', [], true)
 5 APPPATH\Controllers\NotesController.php(24): view('notes/edit')
 6 SYSTEMPATH\CodeIgniter.php(933): App\Controllers\NotesController->edit('4')
 7 SYSTEMPATH\CodeIgniter.php(509): CodeIgniter\CodeIgniter->runController(Object(App\Controllers\NotesController))
 8 SYSTEMPATH\CodeIgniter.php(355): CodeIgniter\CodeIgniter->handleRequest(null, Object(Config\Cache), false)
 9 SYSTEMPATH\Boot.php(325): CodeIgniter\CodeIgniter->run()
10 SYSTEMPATH\Boot.php(67): CodeIgniter\Boot::runCodeIgniter(Object(CodeIgniter\CodeIgniter))
11 FCPATH\index.php(56): CodeIgniter\Boot::bootWeb(Object(Config\Paths))
12 SYSTEMPATH\rewrite.php(44): require_once('C:\\xampp\\htdocs\\codeigniter4-framework\\blockNote\\public\\index.php')
CRITICAL - 2024-08-08 04:05:42 --> ErrorException: Undefined variable $id
[Method: GET, Route: notes/edit/4]
in APPPATH\Views\notes\edit.php on line 9.
 1 APPPATH\Views\notes\edit.php(9): CodeIgniter\Debug\Exceptions->errorHandler(2, 'Undefined variable $id', 'C:\\xampp\\htdocs\\codeigniter4-framework\\blockNote\\app\\Views\\notes\\edit.php', 9)
 2 SYSTEMPATH\View\View.php(234): include('C:\\xampp\\htdocs\\codeigniter4-framework\\blockNote\\app\\Views\\notes\\edit.php')
 3 SYSTEMPATH\View\View.php(237): CodeIgniter\View\View->CodeIgniter\View\{closure}()
 4 SYSTEMPATH\Common.php(1169): CodeIgniter\View\View->render('notes/edit', [], true)
 5 APPPATH\Controllers\NotesController.php(24): view('notes/edit')
 6 SYSTEMPATH\CodeIgniter.php(933): App\Controllers\NotesController->edit(4)
 7 SYSTEMPATH\CodeIgniter.php(509): CodeIgniter\CodeIgniter->runController(Object(App\Controllers\NotesController))
 8 SYSTEMPATH\CodeIgniter.php(355): CodeIgniter\CodeIgniter->handleRequest(null, Object(Config\Cache), false)
 9 SYSTEMPATH\Boot.php(325): CodeIgniter\CodeIgniter->run()
10 SYSTEMPATH\Boot.php(67): CodeIgniter\Boot::runCodeIgniter(Object(CodeIgniter\CodeIgniter))
11 FCPATH\index.php(56): CodeIgniter\Boot::bootWeb(Object(Config\Paths))
12 SYSTEMPATH\rewrite.php(44): require_once('C:\\xampp\\htdocs\\codeigniter4-framework\\blockNote\\public\\index.php')
CRITICAL - 2024-08-08 04:05:54 --> TypeError: view(): Argument #2 ($data) must be of type array, int given, called in C:\xampp\htdocs\codeigniter4-framework\blockNote\app\Controllers\NotesController.php on line 24
[Method: GET, Route: notes/edit/4]
in SYSTEMPATH\Common.php on line 1157.
 1 APPPATH\Controllers\NotesController.php(24): view('notes/edit', 4)
 2 SYSTEMPATH\CodeIgniter.php(933): App\Controllers\NotesController->edit(4)
 3 SYSTEMPATH\CodeIgniter.php(509): CodeIgniter\CodeIgniter->runController(Object(App\Controllers\NotesController))
 4 SYSTEMPATH\CodeIgniter.php(355): CodeIgniter\CodeIgniter->handleRequest(null, Object(Config\Cache), false)
 5 SYSTEMPATH\Boot.php(325): CodeIgniter\CodeIgniter->run()
 6 SYSTEMPATH\Boot.php(67): CodeIgniter\Boot::runCodeIgniter(Object(CodeIgniter\CodeIgniter))
 7 FCPATH\index.php(56): CodeIgniter\Boot::bootWeb(Object(Config\Paths))
 8 SYSTEMPATH\rewrite.php(44): require_once('C:\\xampp\\htdocs\\codeigniter4-framework\\blockNote\\public\\index.php')
CRITICAL - 2024-08-08 04:07:50 --> ErrorException: Undefined variable $id
[Method: GET, Route: notes/edit/4]
in APPPATH\Views\notes\edit.php on line 9.
 1 APPPATH\Views\notes\edit.php(9): CodeIgniter\Debug\Exceptions->errorHandler(2, 'Undefined variable $id', 'C:\\xampp\\htdocs\\codeigniter4-framework\\blockNote\\app\\Views\\notes\\edit.php', 9)
 2 SYSTEMPATH\View\View.php(234): include('C:\\xampp\\htdocs\\codeigniter4-framework\\blockNote\\app\\Views\\notes\\edit.php')
 3 SYSTEMPATH\View\View.php(237): CodeIgniter\View\View->CodeIgniter\View\{closure}()
 4 SYSTEMPATH\Common.php(1169): CodeIgniter\View\View->render('notes/edit', [], true)
 5 APPPATH\Controllers\NotesController.php(25): view('notes/edit')
 6 SYSTEMPATH\CodeIgniter.php(933): App\Controllers\NotesController->edit(4)
 7 SYSTEMPATH\CodeIgniter.php(509): CodeIgniter\CodeIgniter->runController(Object(App\Controllers\NotesController))
 8 SYSTEMPATH\CodeIgniter.php(355): CodeIgniter\CodeIgniter->handleRequest(null, Object(Config\Cache), false)
 9 SYSTEMPATH\Boot.php(325): CodeIgniter\CodeIgniter->run()
10 SYSTEMPATH\Boot.php(67): CodeIgniter\Boot::runCodeIgniter(Object(CodeIgniter\CodeIgniter))
11 FCPATH\index.php(56): CodeIgniter\Boot::bootWeb(Object(Config\Paths))
12 SYSTEMPATH\rewrite.php(44): require_once('C:\\xampp\\htdocs\\codeigniter4-framework\\blockNote\\public\\index.php')
CRITICAL - 2024-08-08 04:14:42 --> ErrorException: Undefined variable $id
[Method: GET, Route: notes/edit/4]
in APPPATH\Views\notes\edit.php on line 9.
 1 APPPATH\Views\notes\edit.php(9): CodeIgniter\Debug\Exceptions->errorHandler(2, 'Undefined variable $id', 'C:\\xampp\\htdocs\\codeigniter4-framework\\blockNote\\app\\Views\\notes\\edit.php', 9)
 2 SYSTEMPATH\View\View.php(234): include('C:\\xampp\\htdocs\\codeigniter4-framework\\blockNote\\app\\Views\\notes\\edit.php')
 3 SYSTEMPATH\View\View.php(237): CodeIgniter\View\View->CodeIgniter\View\{closure}()
 4 SYSTEMPATH\Common.php(1169): CodeIgniter\View\View->render('notes/edit', [], true)
 5 APPPATH\Controllers\NotesController.php(30): view('notes/edit', [...])
 6 SYSTEMPATH\CodeIgniter.php(933): App\Controllers\NotesController->edit(4)
 7 SYSTEMPATH\CodeIgniter.php(509): CodeIgniter\CodeIgniter->runController(Object(App\Controllers\NotesController))
 8 SYSTEMPATH\CodeIgniter.php(355): CodeIgniter\CodeIgniter->handleRequest(null, Object(Config\Cache), false)
 9 SYSTEMPATH\Boot.php(325): CodeIgniter\CodeIgniter->run()
10 SYSTEMPATH\Boot.php(67): CodeIgniter\Boot::runCodeIgniter(Object(CodeIgniter\CodeIgniter))
11 FCPATH\index.php(56): CodeIgniter\Boot::bootWeb(Object(Config\Paths))
12 SYSTEMPATH\rewrite.php(44): require_once('C:\\xampp\\htdocs\\codeigniter4-framework\\blockNote\\public\\index.php')
CRITICAL - 2024-08-08 04:14:54 --> Error: Call to undefined function set_value()
[Method: GET, Route: notes/edit/4]
in APPPATH\Views\notes\edit.php on line 12.
 1 SYSTEMPATH\View\View.php(234): include()
 2 SYSTEMPATH\View\View.php(237): CodeIgniter\View\View->CodeIgniter\View\{closure}()
 3 SYSTEMPATH\Common.php(1169): CodeIgniter\View\View->render('notes/edit', [], true)
 4 APPPATH\Controllers\NotesController.php(30): view('notes/edit', [...])
 5 SYSTEMPATH\CodeIgniter.php(933): App\Controllers\NotesController->edit(4)
 6 SYSTEMPATH\CodeIgniter.php(509): CodeIgniter\CodeIgniter->runController(Object(App\Controllers\NotesController))
 7 SYSTEMPATH\CodeIgniter.php(355): CodeIgniter\CodeIgniter->handleRequest(null, Object(Config\Cache), false)
 8 SYSTEMPATH\Boot.php(325): CodeIgniter\CodeIgniter->run()
 9 SYSTEMPATH\Boot.php(67): CodeIgniter\Boot::runCodeIgniter(Object(CodeIgniter\CodeIgniter))
10 FCPATH\index.php(56): CodeIgniter\Boot::bootWeb(Object(Config\Paths))
11 SYSTEMPATH\rewrite.php(44): require_once('C:\\xampp\\htdocs\\codeigniter4-framework\\blockNote\\public\\index.php')
CRITICAL - 2024-08-08 04:24:21 --> InvalidArgumentException: Missing argument for "(:num)" in route "notes/update/(:num)".
[Method: GET, Route: notes/edit/4]
in SYSTEMPATH\Router\RouteCollection.php on line 1383.
 1 SYSTEMPATH\Router\RouteCollection.php(1204): CodeIgniter\Router\RouteCollection->buildReverseRoute('notes/update/(:num)', [])
 2 SYSTEMPATH\Common.php(951): CodeIgniter\Router\RouteCollection->reverseRoute('notes.update')
 3 SYSTEMPATH\Helpers\url_helper.php(487): route_to('notes.update')
 4 APPPATH\Views\notes\edit.php(9): url_to('notes.update')
 5 SYSTEMPATH\View\View.php(234): include('C:\\xampp\\htdocs\\codeigniter4-framework\\blockNote\\app\\Views\\notes\\edit.php')
 6 SYSTEMPATH\View\View.php(237): CodeIgniter\View\View->CodeIgniter\View\{closure}()
 7 SYSTEMPATH\Common.php(1169): CodeIgniter\View\View->render('notes/edit', [], true)
 8 APPPATH\Controllers\NotesController.php(30): view('notes/edit', [...])
 9 SYSTEMPATH\CodeIgniter.php(933): App\Controllers\NotesController->edit(4)
10 SYSTEMPATH\CodeIgniter.php(509): CodeIgniter\CodeIgniter->runController(Object(App\Controllers\NotesController))
11 SYSTEMPATH\CodeIgniter.php(355): CodeIgniter\CodeIgniter->handleRequest(null, Object(Config\Cache), false)
12 SYSTEMPATH\Boot.php(325): CodeIgniter\CodeIgniter->run()
13 SYSTEMPATH\Boot.php(67): CodeIgniter\Boot::runCodeIgniter(Object(CodeIgniter\CodeIgniter))
14 FCPATH\index.php(56): CodeIgniter\Boot::bootWeb(Object(Config\Paths))
15 SYSTEMPATH\rewrite.php(44): require_once('C:\\xampp\\htdocs\\codeigniter4-framework\\blockNote\\public\\index.php')
CRITICAL - 2024-08-08 04:24:28 --> InvalidArgumentException: Missing argument for "(:num)" in route "notes/update/(:num)".
[Method: GET, Route: notes/edit/4]
in SYSTEMPATH\Router\RouteCollection.php on line 1383.
 1 SYSTEMPATH\Router\RouteCollection.php(1204): CodeIgniter\Router\RouteCollection->buildReverseRoute('notes/update/(:num)', [])
 2 SYSTEMPATH\Common.php(951): CodeIgniter\Router\RouteCollection->reverseRoute('notes.update')
 3 SYSTEMPATH\Helpers\url_helper.php(487): route_to('notes.update')
 4 APPPATH\Views\notes\edit.php(9): url_to('notes.update')
 5 SYSTEMPATH\View\View.php(234): include('C:\\xampp\\htdocs\\codeigniter4-framework\\blockNote\\app\\Views\\notes\\edit.php')
 6 SYSTEMPATH\View\View.php(237): CodeIgniter\View\View->CodeIgniter\View\{closure}()
 7 SYSTEMPATH\Common.php(1169): CodeIgniter\View\View->render('notes/edit', [], true)
 8 APPPATH\Controllers\NotesController.php(30): view('notes/edit', [...])
 9 SYSTEMPATH\CodeIgniter.php(933): App\Controllers\NotesController->edit(4)
10 SYSTEMPATH\CodeIgniter.php(509): CodeIgniter\CodeIgniter->runController(Object(App\Controllers\NotesController))
11 SYSTEMPATH\CodeIgniter.php(355): CodeIgniter\CodeIgniter->handleRequest(null, Object(Config\Cache), false)
12 SYSTEMPATH\Boot.php(325): CodeIgniter\CodeIgniter->run()
13 SYSTEMPATH\Boot.php(67): CodeIgniter\Boot::runCodeIgniter(Object(CodeIgniter\CodeIgniter))
14 FCPATH\index.php(56): CodeIgniter\Boot::bootWeb(Object(Config\Paths))
15 SYSTEMPATH\rewrite.php(44): require_once('C:\\xampp\\htdocs\\codeigniter4-framework\\blockNote\\public\\index.php')
CRITICAL - 2024-08-08 04:24:36 --> InvalidArgumentException: Missing argument for "(:num)" in route "notes/update/(:num)".
[Method: GET, Route: notes/edit/4]
in SYSTEMPATH\Router\RouteCollection.php on line 1383.
 1 SYSTEMPATH\Router\RouteCollection.php(1204): CodeIgniter\Router\RouteCollection->buildReverseRoute('notes/update/(:num)', [])
 2 SYSTEMPATH\Common.php(951): CodeIgniter\Router\RouteCollection->reverseRoute('notes.update')
 3 SYSTEMPATH\Helpers\url_helper.php(487): route_to('notes.update')
 4 APPPATH\Views\notes\edit.php(9): url_to('notes.update')
 5 SYSTEMPATH\View\View.php(234): include('C:\\xampp\\htdocs\\codeigniter4-framework\\blockNote\\app\\Views\\notes\\edit.php')
 6 SYSTEMPATH\View\View.php(237): CodeIgniter\View\View->CodeIgniter\View\{closure}()
 7 SYSTEMPATH\Common.php(1169): CodeIgniter\View\View->render('notes/edit', [], true)
 8 APPPATH\Controllers\NotesController.php(30): view('notes/edit', [...])
 9 SYSTEMPATH\CodeIgniter.php(933): App\Controllers\NotesController->edit(4)
10 SYSTEMPATH\CodeIgniter.php(509): CodeIgniter\CodeIgniter->runController(Object(App\Controllers\NotesController))
11 SYSTEMPATH\CodeIgniter.php(355): CodeIgniter\CodeIgniter->handleRequest(null, Object(Config\Cache), false)
12 SYSTEMPATH\Boot.php(325): CodeIgniter\CodeIgniter->run()
13 SYSTEMPATH\Boot.php(67): CodeIgniter\Boot::runCodeIgniter(Object(CodeIgniter\CodeIgniter))
14 FCPATH\index.php(56): CodeIgniter\Boot::bootWeb(Object(Config\Paths))
15 SYSTEMPATH\rewrite.php(44): require_once('C:\\xampp\\htdocs\\codeigniter4-framework\\blockNote\\public\\index.php')
CRITICAL - 2024-08-08 04:24:40 --> InvalidArgumentException: Missing argument for "(:num)" in route "notes/update/(:num)".
[Method: GET, Route: notes/edit/4]
in SYSTEMPATH\Router\RouteCollection.php on line 1383.
 1 SYSTEMPATH\Router\RouteCollection.php(1204): CodeIgniter\Router\RouteCollection->buildReverseRoute('notes/update/(:num)', [])
 2 SYSTEMPATH\Common.php(951): CodeIgniter\Router\RouteCollection->reverseRoute('notes.update')
 3 SYSTEMPATH\Helpers\url_helper.php(487): route_to('notes.update')
 4 APPPATH\Views\notes\edit.php(9): url_to('notes.update')
 5 SYSTEMPATH\View\View.php(234): include('C:\\xampp\\htdocs\\codeigniter4-framework\\blockNote\\app\\Views\\notes\\edit.php')
 6 SYSTEMPATH\View\View.php(237): CodeIgniter\View\View->CodeIgniter\View\{closure}()
 7 SYSTEMPATH\Common.php(1169): CodeIgniter\View\View->render('notes/edit', [], true)
 8 APPPATH\Controllers\NotesController.php(30): view('notes/edit', [...])
 9 SYSTEMPATH\CodeIgniter.php(933): App\Controllers\NotesController->edit(4)
10 SYSTEMPATH\CodeIgniter.php(509): CodeIgniter\CodeIgniter->runController(Object(App\Controllers\NotesController))
11 SYSTEMPATH\CodeIgniter.php(355): CodeIgniter\CodeIgniter->handleRequest(null, Object(Config\Cache), false)
12 SYSTEMPATH\Boot.php(325): CodeIgniter\CodeIgniter->run()
13 SYSTEMPATH\Boot.php(67): CodeIgniter\Boot::runCodeIgniter(Object(CodeIgniter\CodeIgniter))
14 FCPATH\index.php(56): CodeIgniter\Boot::bootWeb(Object(Config\Paths))
15 SYSTEMPATH\rewrite.php(44): require_once('C:\\xampp\\htdocs\\codeigniter4-framework\\blockNote\\public\\index.php')
CRITICAL - 2024-08-08 05:43:42 --> CodeIgniter\Validation\Exceptions\ValidationException: "9a4c4cdf9d43f82dfd91a2045b653e69" is not a valid rule.
[Method: POST, Route: notes/store]
in SYSTEMPATH\Validation\Validation.php on line 345.
 1 SYSTEMPATH\Validation\Validation.php(345): CodeIgniter\Validation\Exceptions\ValidationException::forRuleNotFound('9a4c4cdf9d43f82dfd91a2045b653e69')
 2 SYSTEMPATH\Validation\Validation.php(201): CodeIgniter\Validation\Validation->processRules('csrf_test_name', 'csrf_test_name', null, [...], [...], 'csrf_test_name')
 3 SYSTEMPATH\Controller.php(152): CodeIgniter\Validation\Validation->run([...], null, null)
 4 APPPATH\Controllers\NoteController.php(50): CodeIgniter\Controller->validateData([...], [...])
 5 SYSTEMPATH\CodeIgniter.php(933): App\Controllers\NoteController->store()
 6 SYSTEMPATH\CodeIgniter.php(509): CodeIgniter\CodeIgniter->runController(Object(App\Controllers\NoteController))
 7 SYSTEMPATH\CodeIgniter.php(355): CodeIgniter\CodeIgniter->handleRequest(null, Object(Config\Cache), false)
 8 SYSTEMPATH\Boot.php(325): CodeIgniter\CodeIgniter->run()
 9 SYSTEMPATH\Boot.php(67): CodeIgniter\Boot::runCodeIgniter(Object(CodeIgniter\CodeIgniter))
10 FCPATH\index.php(56): CodeIgniter\Boot::bootWeb(Object(Config\Paths))
11 SYSTEMPATH\rewrite.php(44): require_once('C:\\xampp\\htdocs\\codeigniter4-framework\\blockNote\\public\\index.php')
CRITICAL - 2024-08-08 05:45:05 --> CodeIgniter\Validation\Exceptions\ValidationException: "9a4c4cdf9d43f82dfd91a2045b653e69" is not a valid rule.
[Method: POST, Route: notes/store]
in SYSTEMPATH\Validation\Validation.php on line 345.
 1 SYSTEMPATH\Validation\Validation.php(345): CodeIgniter\Validation\Exceptions\ValidationException::forRuleNotFound('9a4c4cdf9d43f82dfd91a2045b653e69')
 2 SYSTEMPATH\Validation\Validation.php(201): CodeIgniter\Validation\Validation->processRules('csrf_test_name', 'csrf_test_name', null, [...], [...], 'csrf_test_name')
 3 SYSTEMPATH\Controller.php(152): CodeIgniter\Validation\Validation->run([...], null, null)
 4 APPPATH\Controllers\NoteController.php(51): CodeIgniter\Controller->validateData([...], [...])
 5 SYSTEMPATH\CodeIgniter.php(933): App\Controllers\NoteController->store()
 6 SYSTEMPATH\CodeIgniter.php(509): CodeIgniter\CodeIgniter->runController(Object(App\Controllers\NoteController))
 7 SYSTEMPATH\CodeIgniter.php(355): CodeIgniter\CodeIgniter->handleRequest(null, Object(Config\Cache), false)
 8 SYSTEMPATH\Boot.php(325): CodeIgniter\CodeIgniter->run()
 9 SYSTEMPATH\Boot.php(67): CodeIgniter\Boot::runCodeIgniter(Object(CodeIgniter\CodeIgniter))
10 FCPATH\index.php(56): CodeIgniter\Boot::bootWeb(Object(Config\Paths))
11 SYSTEMPATH\rewrite.php(44): require_once('C:\\xampp\\htdocs\\codeigniter4-framework\\blockNote\\public\\index.php')
CRITICAL - 2024-08-08 05:45:37 --> CodeIgniter\Validation\Exceptions\ValidationException: "9a4c4cdf9d43f82dfd91a2045b653e69" is not a valid rule.
[Method: POST, Route: notes/store]
in SYSTEMPATH\Validation\Validation.php on line 345.
 1 SYSTEMPATH\Validation\Validation.php(345): CodeIgniter\Validation\Exceptions\ValidationException::forRuleNotFound('9a4c4cdf9d43f82dfd91a2045b653e69')
 2 SYSTEMPATH\Validation\Validation.php(201): CodeIgniter\Validation\Validation->processRules('csrf_test_name', 'csrf_test_name', null, [...], [...], 'csrf_test_name')
 3 SYSTEMPATH\Controller.php(152): CodeIgniter\Validation\Validation->run([...], null, null)
 4 APPPATH\Controllers\NoteController.php(51): CodeIgniter\Controller->validateData([...], [...])
 5 SYSTEMPATH\CodeIgniter.php(933): App\Controllers\NoteController->store()
 6 SYSTEMPATH\CodeIgniter.php(509): CodeIgniter\CodeIgniter->runController(Object(App\Controllers\NoteController))
 7 SYSTEMPATH\CodeIgniter.php(355): CodeIgniter\CodeIgniter->handleRequest(null, Object(Config\Cache), false)
 8 SYSTEMPATH\Boot.php(325): CodeIgniter\CodeIgniter->run()
 9 SYSTEMPATH\Boot.php(67): CodeIgniter\Boot::runCodeIgniter(Object(CodeIgniter\CodeIgniter))
10 FCPATH\index.php(56): CodeIgniter\Boot::bootWeb(Object(Config\Paths))
11 SYSTEMPATH\rewrite.php(44): require_once('C:\\xampp\\htdocs\\codeigniter4-framework\\blockNote\\public\\index.php')
CRITICAL - 2024-08-08 05:46:09 --> CodeIgniter\Validation\Exceptions\ValidationException: "9a4c4cdf9d43f82dfd91a2045b653e69" is not a valid rule.
[Method: POST, Route: notes/store]
in SYSTEMPATH\Validation\Validation.php on line 345.
 1 SYSTEMPATH\Validation\Validation.php(345): CodeIgniter\Validation\Exceptions\ValidationException::forRuleNotFound('9a4c4cdf9d43f82dfd91a2045b653e69')
 2 SYSTEMPATH\Validation\Validation.php(201): CodeIgniter\Validation\Validation->processRules('csrf_test_name', 'csrf_test_name', null, [...], [...], 'csrf_test_name')
 3 SYSTEMPATH\Controller.php(152): CodeIgniter\Validation\Validation->run([...], null, null)
 4 APPPATH\Controllers\NoteController.php(51): CodeIgniter\Controller->validateData([...], [...])
 5 SYSTEMPATH\CodeIgniter.php(933): App\Controllers\NoteController->store()
 6 SYSTEMPATH\CodeIgniter.php(509): CodeIgniter\CodeIgniter->runController(Object(App\Controllers\NoteController))
 7 SYSTEMPATH\CodeIgniter.php(355): CodeIgniter\CodeIgniter->handleRequest(null, Object(Config\Cache), false)
 8 SYSTEMPATH\Boot.php(325): CodeIgniter\CodeIgniter->run()
 9 SYSTEMPATH\Boot.php(67): CodeIgniter\Boot::runCodeIgniter(Object(CodeIgniter\CodeIgniter))
10 FCPATH\index.php(56): CodeIgniter\Boot::bootWeb(Object(Config\Paths))
11 SYSTEMPATH\rewrite.php(44): require_once('C:\\xampp\\htdocs\\codeigniter4-framework\\blockNote\\public\\index.php')
CRITICAL - 2024-08-08 05:53:57 --> ErrorException: Undefined array key "titre"
[Method: GET, Route: notes]
in APPPATH\Views\notes\index.php on line 14.
 1 APPPATH\Views\notes\index.php(14): CodeIgniter\Debug\Exceptions->errorHandler(2, 'Undefined array key "titre"', 'C:\\xampp\\htdocs\\codeigniter4-framework\\blockNote\\app\\Views\\notes\\index.php', 14)
 2 SYSTEMPATH\View\View.php(234): include('C:\\xampp\\htdocs\\codeigniter4-framework\\blockNote\\app\\Views\\notes\\index.php')
 3 SYSTEMPATH\View\View.php(237): CodeIgniter\View\View->CodeIgniter\View\{closure}()
 4 SYSTEMPATH\Common.php(1169): CodeIgniter\View\View->render('notes/index', [], true)
 5 APPPATH\Controllers\NoteController.php(22): view('notes/index', [...])
 6 SYSTEMPATH\CodeIgniter.php(933): App\Controllers\NoteController->index()
 7 SYSTEMPATH\CodeIgniter.php(509): CodeIgniter\CodeIgniter->runController(Object(App\Controllers\NoteController))
 8 SYSTEMPATH\CodeIgniter.php(355): CodeIgniter\CodeIgniter->handleRequest(null, Object(Config\Cache), false)
 9 SYSTEMPATH\Boot.php(325): CodeIgniter\CodeIgniter->run()
10 SYSTEMPATH\Boot.php(67): CodeIgniter\Boot::runCodeIgniter(Object(CodeIgniter\CodeIgniter))
11 FCPATH\index.php(56): CodeIgniter\Boot::bootWeb(Object(Config\Paths))
12 SYSTEMPATH\rewrite.php(44): require_once('C:\\xampp\\htdocs\\codeigniter4-framework\\blockNote\\public\\index.php')
CRITICAL - 2024-08-08 06:03:37 --> ErrorException: Undefined variable $note
[Method: GET, Route: notes/edit/1]
in APPPATH\Views\notes\edit.php on line 9.
 1 APPPATH\Views\notes\edit.php(9): CodeIgniter\Debug\Exceptions->errorHandler(2, 'Undefined variable $note', 'C:\\xampp\\htdocs\\codeigniter4-framework\\blockNote\\app\\Views\\notes\\edit.php', 9)
 2 SYSTEMPATH\View\View.php(234): include('C:\\xampp\\htdocs\\codeigniter4-framework\\blockNote\\app\\Views\\notes\\edit.php')
 3 SYSTEMPATH\View\View.php(237): CodeIgniter\View\View->CodeIgniter\View\{closure}()
 4 SYSTEMPATH\Common.php(1169): CodeIgniter\View\View->render('notes/edit', [], true)
 5 APPPATH\Controllers\NoteController.php(36): view('notes/edit', [...])
 6 SYSTEMPATH\CodeIgniter.php(933): App\Controllers\NoteController->edit(1)
 7 SYSTEMPATH\CodeIgniter.php(509): CodeIgniter\CodeIgniter->runController(Object(App\Controllers\NoteController))
 8 SYSTEMPATH\CodeIgniter.php(355): CodeIgniter\CodeIgniter->handleRequest(null, Object(Config\Cache), false)
 9 SYSTEMPATH\Boot.php(325): CodeIgniter\CodeIgniter->run()
10 SYSTEMPATH\Boot.php(67): CodeIgniter\Boot::runCodeIgniter(Object(CodeIgniter\CodeIgniter))
11 FCPATH\index.php(56): CodeIgniter\Boot::bootWeb(Object(Config\Paths))
12 SYSTEMPATH\rewrite.php(44): require_once('C:\\xampp\\htdocs\\codeigniter4-framework\\blockNote\\public\\index.php')
